# JRE version: OpenJDK Runtime Environment Temurin-21.0.9+10 (21.0.9+10) (build 21.0.9+10-LTS)
# Java VM: OpenJDK 64-Bit Server VM Temurin-21.0.9+10 (21.0.9+10-LTS, mixed mode, sharing, tiered, compressed oops, compressed class ptrs, parallel gc, windows-amd64)
GC Precious Log:
 CardTable entry size: 512
 CPUs: 12 total, 12 available
 Memory: 15134M
 Large Page Support: Disabled
 NUMA Support: Disabled
 Compressed Oops: Enabled (32-bit)
 Alignments: Space 512K, Generation 512K, Heap 2M
 Heap Min Capacity: 100M
 Heap Initial Capacity: 100M
 Heap Max Capacity: 2G
 Pre-touch: Disabled
 Parallel Workers: 10
Heap:
 PSYoungGen      total 4608K, used 4576K [0x00000000d5580000, 0x00000000d5c80000, 0x0000000100000000)
  eden space 4096K, 100% used [0x00000000d5580000,0x00000000d5980000,0x00000000d5980000)
  from space 512K, 93% used [0x00000000d5c00000,0x00000000d5c78020,0x00000000d5c80000)
  to   space 1024K, 28% used [0x00000000d5a80000,0x00000000d5ac8000,0x00000000d5b80000)
 ParOldGen       total 485376K, used 485175K [0x0000000080000000, 0x000000009da00000, 0x00000000d5580000)
  object space 485376K, 99% used [0x0000000080000000,0x000000009d9cddd8,0x000000009da00000)
 Metaspace       used 99893K, committed 101696K, reserved 1179648K
  class space    used 10054K, committed 10944K, reserved 1048576K
GC Heap History (20 events):
Event: 256089.751 GC heap after
{Heap after GC invocations=6313 (full 14):
 PSYoungGen      total 3584K, used 1504K [0x00000000d5580000, 0x00000000d5c00000, 0x0000000100000000)
  eden space 2048K, 0% used [0x00000000d5580000,0x00000000d5580000,0x00000000d5780000)
  from space 1536K, 97% used [0x00000000d5780000,0x00000000d58f8000,0x00000000d5900000)
  to   space 2048K, 0% used [0x00000000d5a00000,0x00000000d5a00000,0x00000000d5c00000)
 ParOldGen       total 444928K, used 444439K [0x0000000080000000, 0x000000009b280000, 0x00000000d5580000)
  object space 444928K, 99% used [0x0000000080000000,0x000000009b205d48,0x000000009b280000)
 Metaspace       used 99878K, committed 101696K, reserved 1179648K
  class space    used 10053K, committed 10944K, reserved 1048576K
}
Event: 256089.756 GC heap before
{Heap before GC invocations=6314 (full 14):
 PSYoungGen      total 3584K, used 3552K [0x00000000d5580000, 0x00000000d5c00000, 0x0000000100000000)
  eden space 2048K, 100% used [0x00000000d5580000,0x00000000d5780000,0x00000000d5780000)
  from space 1536K, 97% used [0x00000000d5780000,0x00000000d58f8000,0x00000000d5900000)
  to   space 2048K, 0% used [0x00000000d5a00000,0x00000000d5a00000,0x00000000d5c00000)
 ParOldGen       total 444928K, used 444439K [0x0000000080000000, 0x000000009b280000, 0x00000000d5580000)
  object space 444928K, 99% used [0x0000000080000000,0x000000009b205d48,0x000000009b280000)
 Metaspace       used 99878K, committed 101696K, reserved 1179648K
  class space    used 10053K, committed 10944K, reserved 1048576K
}
Event: 256089.760 GC heap after
{Heap after GC invocations=6314 (full 14):
 PSYoungGen      total 4096K, used 1504K [0x00000000d5580000, 0x00000000d5b80000, 0x0000000100000000)
  eden space 2560K, 0% used [0x00000000d5580000,0x00000000d5580000,0x00000000d5800000)
  from space 1536K, 97% used [0x00000000d5a00000,0x00000000d5b78000,0x00000000d5b80000)
  to   space 1536K, 0% used [0x00000000d5880000,0x00000000d5880000,0x00000000d5a00000)
 ParOldGen       total 445952K, used 445831K [0x0000000080000000, 0x000000009b380000, 0x00000000d5580000)
  object space 445952K, 99% used [0x0000000080000000,0x000000009b361d48,0x000000009b380000)
 Metaspace       used 99878K, committed 101696K, reserved 1179648K
  class space    used 10053K, committed 10944K, reserved 1048576K
}
Event: 256089.772 GC heap before
{Heap before GC invocations=6315 (full 14):
 PSYoungGen      total 4096K, used 4064K [0x00000000d5580000, 0x00000000d5b80000, 0x0000000100000000)
  eden space 2560K, 100% used [0x00000000d5580000,0x00000000d5800000,0x00000000d5800000)
  from space 1536K, 97% used [0x00000000d5a00000,0x00000000d5b78000,0x00000000d5b80000)
  to   space 1536K, 0% used [0x00000000d5880000,0x00000000d5880000,0x00000000d5a00000)
 ParOldGen       total 445952K, used 445831K [0x0000000080000000, 0x000000009b380000, 0x00000000d5580000)
  object space 445952K, 99% used [0x0000000080000000,0x000000009b361d48,0x000000009b380000)
 Metaspace       used 99881K, committed 101696K, reserved 1179648K
  class space    used 10053K, committed 10944K, reserved 1048576K
}
Event: 256089.775 GC heap after
{Heap after GC invocations=6315 (full 14):
 PSYoungGen      total 4608K, used 1536K [0x00000000d5580000, 0x00000000d6080000, 0x0000000100000000)
  eden space 3072K, 0% used [0x00000000d5580000,0x00000000d5580000,0x00000000d5880000)
  from space 1536K, 100% used [0x00000000d5880000,0x00000000d5a00000,0x00000000d5a00000)
  to   space 4096K, 0% used [0x00000000d5c80000,0x00000000d5c80000,0x00000000d6080000)
 ParOldGen       total 448000K, used 447948K [0x0000000080000000, 0x000000009b580000, 0x00000000d5580000)
  object space 448000K, 99% used [0x0000000080000000,0x000000009b5730b8,0x000000009b580000)
 Metaspace       used 99881K, committed 101696K, reserved 1179648K
  class space    used 10053K, committed 10944K, reserved 1048576K
}
Event: 256089.798 GC heap before
{Heap before GC invocations=6316 (full 14):
 PSYoungGen      total 4608K, used 4553K [0x00000000d5580000, 0x00000000d6080000, 0x0000000100000000)
  eden space 3072K, 98% used [0x00000000d5580000,0x00000000d5872648,0x00000000d5880000)
  from space 1536K, 100% used [0x00000000d5880000,0x00000000d5a00000,0x00000000d5a00000)
  to   space 4096K, 0% used [0x00000000d5c80000,0x00000000d5c80000,0x00000000d6080000)
 ParOldGen       total 448000K, used 447948K [0x0000000080000000, 0x000000009b580000, 0x00000000d5580000)
  object space 448000K, 99% used [0x0000000080000000,0x000000009b5730b8,0x000000009b580000)
 Metaspace       used 99884K, committed 101696K, reserved 1179648K
  class space    used 10053K, committed 10944K, reserved 1048576K
}
Event: 256089.802 GC heap after
{Heap after GC invocations=6316 (full 14):
 PSYoungGen      total 6144K, used 1808K [0x00000000d5580000, 0x00000000d5e80000, 0x0000000100000000)
  eden space 4096K, 0% used [0x00000000d5580000,0x00000000d5580000,0x00000000d5980000)
  from space 2048K, 88% used [0x00000000d5c80000,0x00000000d5e44000,0x00000000d5e80000)
  to   space 2560K, 0% used [0x00000000d5980000,0x00000000d5980000,0x00000000d5c00000)
 ParOldGen       total 449536K, used 449500K [0x0000000080000000, 0x000000009b700000, 0x00000000d5580000)
  object space 449536K, 99% used [0x0000000080000000,0x000000009b6f70b8,0x000000009b700000)
 Metaspace       used 99884K, committed 101696K, reserved 1179648K
  class space    used 10053K, committed 10944K, reserved 1048576K
}
Event: 256090.018 GC heap before
{Heap before GC invocations=6317 (full 14):
 PSYoungGen      total 6144K, used 5904K [0x00000000d5580000, 0x00000000d5e80000, 0x0000000100000000)
  eden space 4096K, 100% used [0x00000000d5580000,0x00000000d5980000,0x00000000d5980000)
  from space 2048K, 88% used [0x00000000d5c80000,0x00000000d5e44000,0x00000000d5e80000)
  to   space 2560K, 0% used [0x00000000d5980000,0x00000000d5980000,0x00000000d5c00000)
 ParOldGen       total 481280K, used 480220K [0x0000000080000000, 0x000000009d600000, 0x00000000d5580000)
  object space 481280K, 99% used [0x0000000080000000,0x000000009d4f70e8,0x000000009d600000)
 Metaspace       used 99884K, committed 101696K, reserved 1179648K
  class space    used 10053K, committed 10944K, reserved 1048576K
}
Event: 256090.022 GC heap after
{Heap after GC invocations=6317 (full 14):
 PSYoungGen      total 6656K, used 1536K [0x00000000d5580000, 0x00000000d5e80000, 0x0000000100000000)
  eden space 4096K, 0% used [0x00000000d5580000,0x00000000d5580000,0x00000000d5980000)
  from space 2560K, 60% used [0x00000000d5980000,0x00000000d5b00000,0x00000000d5c00000)
  to   space 2048K, 0% used [0x00000000d5c80000,0x00000000d5c80000,0x00000000d5e80000)
 ParOldGen       total 481792K, used 481284K [0x0000000080000000, 0x000000009d680000, 0x00000000d5580000)
  object space 481792K, 99% used [0x0000000080000000,0x000000009d6010e8,0x000000009d680000)
 Metaspace       used 99884K, committed 101696K, reserved 1179648K
  class space    used 10053K, committed 10944K, reserved 1048576K
}
Event: 256090.571 GC heap before
{Heap before GC invocations=6318 (full 14):
 PSYoungGen      total 6656K, used 5631K [0x00000000d5580000, 0x00000000d5e80000, 0x0000000100000000)
  eden space 4096K, 99% used [0x00000000d5580000,0x00000000d597ffe8,0x00000000d5980000)
  from space 2560K, 60% used [0x00000000d5980000,0x00000000d5b00000,0x00000000d5c00000)
  to   space 2048K, 0% used [0x00000000d5c80000,0x00000000d5c80000,0x00000000d5e80000)
 ParOldGen       total 481792K, used 481284K [0x0000000080000000, 0x000000009d680000, 0x00000000d5580000)
  object space 481792K, 99% used [0x0000000080000000,0x000000009d6010e8,0x000000009d680000)
 Metaspace       used 99884K, committed 101696K, reserved 1179648K
  class space    used 10053K, committed 10944K, reserved 1048576K
}
Event: 256090.575 GC heap after
{Heap after GC invocations=6318 (full 14):
 PSYoungGen      total 5120K, used 708K [0x00000000d5580000, 0x00000000d5d80000, 0x0000000100000000)
  eden space 4096K, 0% used [0x00000000d5580000,0x00000000d5580000,0x00000000d5980000)
  from space 1024K, 69% used [0x00000000d5c80000,0x00000000d5d31210,0x00000000d5d80000)
  to   space 1536K, 0% used [0x00000000d5a80000,0x00000000d5a80000,0x00000000d5c00000)
 ParOldGen       total 482816K, used 482732K [0x0000000080000000, 0x000000009d780000, 0x00000000d5580000)
  object space 482816K, 99% used [0x0000000080000000,0x000000009d76b0e8,0x000000009d780000)
 Metaspace       used 99884K, committed 101696K, reserved 1179648K
  class space    used 10053K, committed 10944K, reserved 1048576K
}
Event: 256090.589 GC heap before
{Heap before GC invocations=6319 (full 14):
 PSYoungGen      total 5120K, used 4804K [0x00000000d5580000, 0x00000000d5d80000, 0x0000000100000000)
  eden space 4096K, 100% used [0x00000000d5580000,0x00000000d5980000,0x00000000d5980000)
  from space 1024K, 69% used [0x00000000d5c80000,0x00000000d5d31210,0x00000000d5d80000)
  to   space 1536K, 0% used [0x00000000d5a80000,0x00000000d5a80000,0x00000000d5c00000)
 ParOldGen       total 482816K, used 482732K [0x0000000080000000, 0x000000009d780000, 0x00000000d5580000)
  object space 482816K, 99% used [0x0000000080000000,0x000000009d76b0e8,0x000000009d780000)
 Metaspace       used 99884K, committed 101696K, reserved 1179648K
  class space    used 10053K, committed 10944K, reserved 1048576K
}
Event: 256090.591 GC heap after
{Heap after GC invocations=6319 (full 14):
 PSYoungGen      total 5632K, used 624K [0x00000000d5580000, 0x00000000d5d00000, 0x0000000100000000)
  eden space 4096K, 0% used [0x00000000d5580000,0x00000000d5580000,0x00000000d5980000)
  from space 1536K, 40% used [0x00000000d5a80000,0x00000000d5b1c010,0x00000000d5c00000)
  to   space 1024K, 0% used [0x00000000d5c00000,0x00000000d5c00000,0x00000000d5d00000)
 ParOldGen       total 483328K, used 483295K [0x0000000080000000, 0x000000009d800000, 0x00000000d5580000)
  object space 483328K, 99% used [0x0000000080000000,0x000000009d7f7fa0,0x000000009d800000)
 Metaspace       used 99884K, committed 101696K, reserved 1179648K
  class space    used 10053K, committed 10944K, reserved 1048576K
}
Event: 256090.601 GC heap before
{Heap before GC invocations=6320 (full 14):
 PSYoungGen      total 5632K, used 4720K [0x00000000d5580000, 0x00000000d5d00000, 0x0000000100000000)
  eden space 4096K, 100% used [0x00000000d5580000,0x00000000d5980000,0x00000000d5980000)
  from space 1536K, 40% used [0x00000000d5a80000,0x00000000d5b1c010,0x00000000d5c00000)
  to   space 1024K, 0% used [0x00000000d5c00000,0x00000000d5c00000,0x00000000d5d00000)
 ParOldGen       total 483328K, used 483295K [0x0000000080000000, 0x000000009d800000, 0x00000000d5580000)
  object space 483328K, 99% used [0x0000000080000000,0x000000009d7f7fa0,0x000000009d800000)
 Metaspace       used 99884K, committed 101696K, reserved 1179648K
  class space    used 10053K, committed 10944K, reserved 1048576K
}
Event: 256090.604 GC heap after
{Heap after GC invocations=6320 (full 14):
 PSYoungGen      total 5120K, used 852K [0x00000000d5580000, 0x00000000d5d00000, 0x0000000100000000)
  eden space 4096K, 0% used [0x00000000d5580000,0x00000000d5580000,0x00000000d5980000)
  from space 1024K, 83% used [0x00000000d5c00000,0x00000000d5cd5200,0x00000000d5d00000)
  to   space 1024K, 0% used [0x00000000d5b00000,0x00000000d5b00000,0x00000000d5c00000)
 ParOldGen       total 483840K, used 483831K [0x0000000080000000, 0x000000009d880000, 0x00000000d5580000)
  object space 483840K, 99% used [0x0000000080000000,0x000000009d87dfe0,0x000000009d880000)
 Metaspace       used 99884K, committed 101696K, reserved 1179648K
  class space    used 10053K, committed 10944K, reserved 1048576K
}
Event: 256091.967 GC heap before
{Heap before GC invocations=6321 (full 14):
 PSYoungGen      total 5120K, used 4948K [0x00000000d5580000, 0x00000000d5d00000, 0x0000000100000000)
  eden space 4096K, 100% used [0x00000000d5580000,0x00000000d5980000,0x00000000d5980000)
  from space 1024K, 83% used [0x00000000d5c00000,0x00000000d5cd5200,0x00000000d5d00000)
  to   space 1024K, 0% used [0x00000000d5b00000,0x00000000d5b00000,0x00000000d5c00000)
 ParOldGen       total 483840K, used 483831K [0x0000000080000000, 0x000000009d880000, 0x00000000d5580000)
  object space 483840K, 99% used [0x0000000080000000,0x000000009d87dfe0,0x000000009d880000)
 Metaspace       used 99884K, committed 101696K, reserved 1179648K
  class space    used 10053K, committed 10944K, reserved 1048576K
}
Event: 256091.970 GC heap after
{Heap after GC invocations=6321 (full 14):
 PSYoungGen      total 5120K, used 698K [0x00000000d5580000, 0x00000000d5c80000, 0x0000000100000000)
  eden space 4096K, 0% used [0x00000000d5580000,0x00000000d5580000,0x00000000d5980000)
  from space 1024K, 68% used [0x00000000d5b00000,0x00000000d5bae900,0x00000000d5c00000)
  to   space 512K, 0% used [0x00000000d5c00000,0x00000000d5c00000,0x00000000d5c80000)
 ParOldGen       total 484864K, used 484507K [0x0000000080000000, 0x000000009d980000, 0x00000000d5580000)
  object space 484864K, 99% used [0x0000000080000000,0x000000009d926eb8,0x000000009d980000)
 Metaspace       used 99884K, committed 101696K, reserved 1179648K
  class space    used 10053K, committed 10944K, reserved 1048576K
}
Event: 256363.782 GC heap before
{Heap before GC invocations=6322 (full 14):
 PSYoungGen      total 5120K, used 4794K [0x00000000d5580000, 0x00000000d5c80000, 0x0000000100000000)
  eden space 4096K, 99% used [0x00000000d5580000,0x00000000d597ff80,0x00000000d5980000)
  from space 1024K, 68% used [0x00000000d5b00000,0x00000000d5bae900,0x00000000d5c00000)
  to   space 512K, 0% used [0x00000000d5c00000,0x00000000d5c00000,0x00000000d5c80000)
 ParOldGen       total 484864K, used 484507K [0x0000000080000000, 0x000000009d980000, 0x00000000d5580000)
  object space 484864K, 99% used [0x0000000080000000,0x000000009d926eb8,0x000000009d980000)
 Metaspace       used 99890K, committed 101696K, reserved 1179648K
  class space    used 10054K, committed 10944K, reserved 1048576K
}
Event: 256363.785 GC heap after
{Heap after GC invocations=6322 (full 14):
 PSYoungGen      total 4608K, used 480K [0x00000000d5580000, 0x00000000d5c80000, 0x0000000100000000)
  eden space 4096K, 0% used [0x00000000d5580000,0x00000000d5580000,0x00000000d5980000)
  from space 512K, 93% used [0x00000000d5c00000,0x00000000d5c78020,0x00000000d5c80000)
  to   space 1024K, 0% used [0x00000000d5a80000,0x00000000d5a80000,0x00000000d5b80000)
 ParOldGen       total 485376K, used 484999K [0x0000000080000000, 0x000000009da00000, 0x00000000d5580000)
  object space 485376K, 99% used [0x0000000080000000,0x000000009d9a1dd8,0x000000009da00000)
 Metaspace       used 99890K, committed 101696K, reserved 1179648K
  class space    used 10054K, committed 10944K, reserved 1048576K
}
Event: 594860.700 GC heap before
{Heap before GC invocations=6323 (full 14):
 PSYoungGen      total 4608K, used 4576K [0x00000000d5580000, 0x00000000d5c80000, 0x0000000100000000)
  eden space 4096K, 100% used [0x00000000d5580000,0x00000000d5980000,0x00000000d5980000)
  from space 512K, 93% used [0x00000000d5c00000,0x00000000d5c78020,0x00000000d5c80000)
  to   space 1024K, 0% used [0x00000000d5a80000,0x00000000d5a80000,0x00000000d5b80000)
 ParOldGen       total 485376K, used 484999K [0x0000000080000000, 0x000000009da00000, 0x00000000d5580000)
  object space 485376K, 99% used [0x0000000080000000,0x000000009d9a1dd8,0x000000009da00000)
 Metaspace       used 99893K, committed 101696K, reserved 1179648K
  class space    used 10054K, committed 10944K, reserved 1048576K
}

